<?xml version="1.0" encoding="UTF-8"?>
<!-- Generated by org.testng.reporters.JUnitXMLReporter -->
<testsuite ignored="0" hostname="Stark" failures="0" tests="4" name="Default test" time="55.381" errors="0" timestamp="2025-07-14T18:29:47 IST">
  <testcase classname="testcases.CarPriceTest" name="findCar" time="20.677"/>
  <testcase classname="testcases.CarPriceTest" name="findCar" time="10.413"/>
  <testcase classname="testcases.CarPriceTest" name="findCar" time="12.838"/>
  <testcase classname="testcases.CarPriceTest" name="findCar" time="9.022"/>
</testsuite> <!-- Default test -->
