<?xml version="1.0" encoding="UTF-8"?>
<!-- Generated by org.testng.reporters.JUnitXMLReporter -->
<testsuite ignored="0" hostname="Stark" failures="0" tests="4" name="Find Car Names And Prices Test" time="118.337" errors="0" timestamp="2025-07-16T16:22:14 IST">
  <testcase classname="testcases.CarPriceTest" name="findCar" time="41.523"/>
  <testcase classname="testcases.CarPriceTest" name="findCar" time="26.597"/>
  <testcase classname="testcases.CarPriceTest" name="findCar" time="30.413"/>
  <testcase classname="testcases.CarPriceTest" name="findCar" time="16.892"/>
</testsuite> <!-- Find Car Names And Prices Test -->
